<?xml version="1.0" encoding="UTF-8"?>
<!-- Generated by org.testng.reporters.JUnitXMLReporter -->
<testsuite ignored="0" hostname="TusharGyanu" failures="2" tests="14" name="TutorialsNinja Tests" time="248.682" errors="0" timestamp="2024-02-14T22:01:40 IST">
  <testcase classname="com.tutorialsNinja.Qa.TestCases.RegisterAccountTest" name="VerifyRegisterWithMandatoryFeild" time="1.651"/>
  <testcase classname="com.tutorialsNinja.Qa.TestCases.RegisterAccountTest" name="verifyRegistringAccountAllFeild" time="1.508"/>
  <testcase classname="com.tutorialsNinja.Qa.TestCases.RegisterAccountTest" name="verifyRegist_registeredEmail" time="1.484"/>
  <testcase classname="com.tutorialsNinja.Qa.TestCases.RegisterAccountTest" name="verifyRegisterwithoutdetails" time="0.687"/>
  <testcase classname="com.tutorialsNinja.Qa.TestCases.LoginTest" name="verifyLoginWithValidCredentials" time="1.768"/>
  <testcase classname="com.tutorialsNinja.Qa.TestCases.LoginTest" name="verifyLoginWithValidCredentials" time="1.364"/>
  <testcase classname="com.tutorialsNinja.Qa.TestCases.LoginTest" name="verifyLoginWithValidCredentials" time="1.16"/>
  <testcase classname="com.tutorialsNinja.Qa.TestCases.LoginTest" name="verifyLoginWithInValidCredentials" time="2.887"/>
  <testcase classname="com.tutorialsNinja.Qa.TestCases.LoginTest" name="verifyLoginWithInValidEmail" time="0.933"/>
  <testcase classname="com.tutorialsNinja.Qa.TestCases.LoginTest" name="verifyLoginWithInValidPassword" time="0.881"/>
  <testcase classname="com.tutorialsNinja.Qa.TestCases.LoginTest" name="verifyLoginWithoutcredentials" time="0.463"/>
  <testcase classname="com.tutorialsNinja.Qa.TestCases.SearchTest" name="verifySearchWithValidProducts" time="1.036"/>
  <testcase classname="com.tutorialsNinja.Qa.TestCases.SearchTest" name="verifySearchWithInvalidProductName" time="0.571">
    <failure type="java.lang.AssertionError" message="No product is search result is not diaplayed expected [There is no product that matches the search criteria XX.] but found [There is no product that matches the search criteria.]">
      <![CDATA[java.lang.AssertionError: No product is search result is not diaplayed expected [There is no product that matches the search criteria XX.] but found [There is no product that matches the search criteria.]
at com.tutorialsNinja.Qa.TestCases.SearchTest.verifySearchWithInvalidProductName(SearchTest.java:50)
at java.base/java.util.ArrayList.forEach(ArrayList.java:1540)
... Removed 32 stack frames]]>
    </failure>
  </testcase> <!-- verifySearchWithInvalidProductName -->
  <testcase classname="com.tutorialsNinja.Qa.TestCases.SearchTest" name="verifySearchWithoutAnyProduct" time="0.695">
    <failure type="java.lang.AssertionError" message="No product is search result is not diaplayed expected [There is no product that matches the search criteria XX.] but found [There is no product that matches the search criteria.]">
      <![CDATA[java.lang.AssertionError: No product is search result is not diaplayed expected [There is no product that matches the search criteria XX.] but found [There is no product that matches the search criteria.]
at com.tutorialsNinja.Qa.TestCases.SearchTest.verifySearchWithoutAnyProduct(SearchTest.java:59)
at java.base/java.util.ArrayList.forEach(ArrayList.java:1540)
... Removed 32 stack frames]]>
    </failure>
  </testcase> <!-- verifySearchWithoutAnyProduct -->
</testsuite> <!-- TutorialsNinja Tests -->
